<?xml version="1.0" encoding="UTF-8"?>
<!-- Generated by org.testng.reporters.JUnitReportReporter -->
<testsuite hostname="anvitha" failures="0" tests="1" name="Products.CreateAndDeleteProductTest" time="16.543" errors="0" timestamp="2023-04-25T20:02:39 IST" skipped="0">
  <testcase classname="Products.CreateAndDeleteProductTest" name="createAndDeleteProductTest" time="16.543"/>
  <system-out/>
</testsuite> <!-- Products.CreateAndDeleteProductTest -->
