<?xml version="1.0" encoding="UTF-8"?>
<!-- Generated by org.testng.reporters.JUnitReportReporter -->
<testsuite hostname="anvitha" failures="0" tests="1" name="Organizations.CreateOrganizationTest" time="12.728" errors="0" timestamp="2023-04-25T20:23:05 IST" skipped="0">
  <testcase classname="Organizations.CreateOrganizationTest" name="createOrganizationTest" time="12.728"/>
  <system-out/>
</testsuite> <!-- Organizations.CreateOrganizationTest -->
